<?xml version="1.0" encoding="UTF-8"?>
<!-- Generated by org.testng.reporters.JUnitReportReporter -->
<testsuite hostname="IBM-PF35421D" failures="0" tests="2" name="package1.RestAssuredTest" time="3.175" errors="0" timestamp="2022-11-23T09:50:10 IST" skipped="0">
  <testcase classname="package1.RestAssuredTest" name="getRequest" time="3.104"/>
  <system-out/>
  <testcase classname="package1.RestAssuredTest" name="getRequest" time="0.071"/>
  <system-out/>
</testsuite> <!-- package1.RestAssuredTest -->
