<?xml version="1.0" encoding="UTF-8"?>
<!-- Generated by org.testng.reporters.JUnitReportReporter -->
<testsuite hostname="IBM-PF35421D" failures="0" tests="1" name="package1.Test1" time="1.684" errors="0" timestamp="2022-11-23T12:23:42 IST" skipped="0">
  <testcase classname="package1.Test1" name="getMethod" time="1.684"/>
  <system-out/>
</testsuite> <!-- package1.Test1 -->
