<?xml version="1.0" encoding="UTF-8"?>
<!-- Generated by org.testng.reporters.JUnitReportReporter -->
<testsuite hostname="IBM-PF35421D" failures="0" tests="1" name="assignment1.GetRequest" time="4.962" errors="0" timestamp="2022-11-24T09:22:21 IST" skipped="0">
  <testcase classname="assignment1.GetRequest" name="testGetRequest" time="4.962"/>
  <system-out/>
</testsuite> <!-- assignment1.GetRequest -->
