<?xml version="1.0" encoding="UTF-8"?>
<!-- Generated by org.testng.reporters.JUnitReportReporter -->
<testsuite hostname="IBM-PF35421D" failures="0" tests="1" name="package1.ReadDataFromJSON" time="2.449" errors="0" timestamp="2022-11-23T10:28:14 IST" skipped="0">
  <testcase classname="package1.ReadDataFromJSON" name="postRequest" time="2.449"/>
  <system-out/>
</testsuite> <!-- package1.ReadDataFromJSON -->
