<?xml version="1.0" encoding="UTF-8"?>
<!-- Generated by org.testng.reporters.JUnitReportReporter -->
<testsuite hostname="IBM-PF35421D" failures="0" tests="1" name="assignment1.PutRequest" time="4.080" errors="0" timestamp="2022-11-24T10:12:34 IST" skipped="0">
  <testcase classname="assignment1.PutRequest" name="testPutRequestByFetchingDataFromHashMap" time="4.080"/>
  <system-out/>
</testsuite> <!-- assignment1.PutRequest -->
