<?xml version="1.0" encoding="UTF-8"?>
<!-- Generated by org.testng.reporters.JUnitReportReporter -->
<testsuite hostname="IBM-PF35421D" failures="0" tests="1" name="assignment2.DeleteRequest" time="2.987" errors="0" timestamp="2022-11-25T10:06:12 IST" skipped="0">
  <testcase classname="assignment2.DeleteRequest" name="testGetRequest" time="2.987"/>
  <system-out/>
</testsuite> <!-- assignment2.DeleteRequest -->
