<?xml version="1.0" encoding="UTF-8"?>
<!-- Generated by org.testng.reporters.JUnitReportReporter -->
<testsuite hostname="IBM-PF35421D" failures="0" tests="1" name="package1.ReadData" time="2.556" errors="0" timestamp="2022-11-23T10:04:35 IST" skipped="0">
  <testcase classname="package1.ReadData" name="postRequest" time="2.556"/>
  <system-out/>
</testsuite> <!-- package1.ReadData -->
