<?xml version="1.0" encoding="UTF-8"?>
<!-- Generated by org.testng.reporters.JUnitReportReporter -->
<testsuite hostname="IBM-PF35421D" failures="0" tests="1" name="assignment1.DeleteRequest" time="2.317" errors="0" timestamp="2022-11-24T09:41:25 IST" skipped="0">
  <testcase classname="assignment1.DeleteRequest" name="testGetRequest" time="2.317"/>
  <system-out/>
</testsuite> <!-- assignment1.DeleteRequest -->
