<?xml version="1.0" encoding="UTF-8"?>
<!-- Generated by org.testng.reporters.JUnitReportReporter -->
<testsuite hostname="IBM-PF35421D" failures="0" tests="1" name="package1.ReadDataFromPOJO" time="2.532" errors="0" timestamp="2022-11-23T12:23:08 IST" skipped="0">
  <testcase classname="package1.ReadDataFromPOJO" name="postRequest" time="2.532"/>
  <system-out/>
</testsuite> <!-- package1.ReadDataFromPOJO -->
