<?xml version="1.0" encoding="UTF-8"?>
<!-- Generated by org.testng.reporters.JUnitReportReporter -->
<testsuite hostname="IBM-PF35421D" failures="0" tests="1" name="assignment2.GetRequest" time="3.854" errors="0" timestamp="2022-11-25T09:48:18 IST" skipped="0">
  <testcase classname="assignment2.GetRequest" name="testGetRequest" time="3.854"/>
  <system-out/>
</testsuite> <!-- assignment2.GetRequest -->
