<?xml version="1.0" encoding="UTF-8"?>
<!-- Generated by org.testng.reporters.JUnitReportReporter -->
<testsuite hostname="IBM-PF35421D" failures="0" tests="1" name="assignment1.PatchRequest" time="2.659" errors="0" timestamp="2022-11-24T09:45:44 IST" skipped="0">
  <testcase classname="assignment1.PatchRequest" name="testPatchRequest" time="2.659"/>
  <system-out/>
</testsuite> <!-- assignment1.PatchRequest -->
