<?xml version="1.0" encoding="UTF-8"?>
<!-- Generated by org.testng.reporters.JUnitReportReporter -->
<testsuite hostname="IBM-PF35421D" failures="0" tests="1" name="assignment2.PutRequest" time="7.747" errors="0" timestamp="2022-11-25T10:39:26 IST" skipped="0">
  <testcase classname="assignment2.PutRequest" name="testPutRequest" time="7.747"/>
  <system-out/>
</testsuite> <!-- assignment2.PutRequest -->
