<?xml version="1.0" encoding="UTF-8"?>
<!-- Generated by org.testng.reporters.JUnitReportReporter -->
<testsuite hostname="IBM-PF35421D" failures="0" tests="1" name="assignment2.PatchRequest" time="5.982" errors="0" timestamp="2022-11-25T10:43:29 IST" skipped="0">
  <testcase classname="assignment2.PatchRequest" name="testPatchRequest" time="5.982"/>
  <system-out/>
</testsuite> <!-- assignment2.PatchRequest -->
