<?xml version="1.0" encoding="UTF-8"?>
<!-- Generated by org.testng.reporters.JUnitReportReporter -->
<testsuite hostname="IBM-PF35421D" failures="0" tests="1" name="assignment1.PostRequest" time="3.846" errors="0" timestamp="2022-11-24T12:03:18 IST" skipped="0">
  <testcase classname="assignment1.PostRequest" name="testPostRequestByFetchingDataFromExcel" time="3.846"/>
  <system-out/>
</testsuite> <!-- assignment1.PostRequest -->
