<?xml version="1.0" encoding="UTF-8"?>
<!-- Generated by org.testng.reporters.JUnitReportReporter -->
<testsuite hostname="IBM-PF35421D" failures="0" tests="1" name="assignment2.PostRequest" time="2.224" errors="0" timestamp="2022-11-25T10:06:29 IST" skipped="0">
  <testcase classname="assignment2.PostRequest" name="testPostRequestByFetchingDataFromJSONfile" time="2.224"/>
  <system-out/>
</testsuite> <!-- assignment2.PostRequest -->
